CO STARTING
TITLEONE TEST
CO FINISHED
 
SO STARTING
LOCATION SRC1 0.0 0.0 0.0
SRCPARAM SRC1 POINT 1.0 1.0 10.0 0.0
EMISFACT SRC1 1.0
SO FINISHED
 
RE STARTING
GRIDCART GRID1 0.0 100.0 10 0.0 100.0 10 0.0
RE FINISHED
 
ME STARTING
SURFFILE dummy.sfc
PROFFILE dummy.pbl
ME FINISHED
 
OU STARTING
RECTABLE ALLAVE FIRST
OU FINISHED


  *** Message Summary For AERMOD Model Setup ***

  --------- Summary of Total Messages --------
  
 A Total of           25 Fatal Error Message(s)
 A Total of            0 Warning Message(s)
 A Total of            0 Informational Message(s)
  
  
    ******** FATAL ERROR MESSAGES ******** 
 CO E100       2        SETUP: Invalid Pathway Specified. The Troubled Pathway is           TI
 CO E130       3       COCARD: Missing Mandatory Keyword.  The Missing Keyword is     TITLEONE
 CO E130       3       COCARD: Missing Mandatory Keyword.  The Missing Keyword is     MODELOPT
 CO E130       3       COCARD: Missing Mandatory Keyword.  The Missing Keyword is     AVERTIME
 CO E130       3       COCARD: Missing Mandatory Keyword.  The Missing Keyword is     POLLUTID
 CO E130       3       COCARD: Missing Mandatory Keyword.  The Missing Keyword is     RUNORNOT
 SO E100       6        SETUP: Invalid Pathway Specified. The Troubled Pathway is           LO
 SO E100       7        SETUP: Invalid Pathway Specified. The Troubled Pathway is           SR
 SO E100       8        SETUP: Invalid Pathway Specified. The Troubled Pathway is           EM
 SO E140       9       SOCARD: Invalid Order of Keyword. The Troubled Keyword is      SRCGROUP
 SO E130       9       SOCARD: Missing Mandatory Keyword.  The Missing Keyword is     LOCATION
 SO E130       9       SOCARD: Missing Mandatory Keyword.  The Missing Keyword is     SRCPARAM
 SO E130       9       SOCARD: Missing Mandatory Keyword.  The Missing Keyword is     SRCGROUP
 SO E185       9       SOCARD: Either No Sources or No Receptors are specified!!!     NUMSRC=0
 RE E100      12        SETUP: Invalid Pathway Specified. The Troubled Pathway is           GR
 RE E185      13       RECARD: Either No Sources or No Receptors are specified!!!     NUMREC=0
 ME E100      16        SETUP: Invalid Pathway Specified. The Troubled Pathway is           SU
 ME E100      17        SETUP: Invalid Pathway Specified. The Troubled Pathway is           PR
 ME E130      18       MECARD: Missing Mandatory Keyword.  The Missing Keyword is     SURFFILE
 ME E130      18       MECARD: Missing Mandatory Keyword.  The Missing Keyword is     PROFFILE
 ME E130      18       MECARD: Missing Mandatory Keyword.  The Missing Keyword is     SURFDATA
 ME E130      18       MECARD: Missing Mandatory Keyword.  The Missing Keyword is     UAIRDATA
 ME E130      18       MECARD: Missing Mandatory Keyword.  The Missing Keyword is     PROFBASE
 RE E105      21        SETUP: Invalid Keyword Specified. The Troubled Keyword is     TABLE AL
 OU E189      22        OUTQA: No Keywords for OU Path and No PERIOD/ANNUAL Aves.             
  
    ********   WARNING MESSAGES   ******** 
               ***  NONE  ***        
  

    **************************************
    *** SETUP Finishes UN-successfully ***
    **************************************

 *** AERMOD - VERSION 24142  ***   ***                                                                      ***        10/21/25
 *** AERMET - VERSION        ***   ***                                                                      ***        10:37:42
                                                                                                                       PAGE   1
 *** MODELOPTs:  

 *** Message Summary : AERMOD Model Execution ***

  --------- Summary of Total Messages --------
  
 A Total of           25 Fatal Error Message(s)
 A Total of            0 Warning Message(s)
 A Total of            0 Informational Message(s)
  
  
    ******** FATAL ERROR MESSAGES ******** 
 CO E100       2        SETUP: Invalid Pathway Specified. The Troubled Pathway is           TI
 CO E130       3       COCARD: Missing Mandatory Keyword.  The Missing Keyword is     TITLEONE
 CO E130       3       COCARD: Missing Mandatory Keyword.  The Missing Keyword is     MODELOPT
 CO E130       3       COCARD: Missing Mandatory Keyword.  The Missing Keyword is     AVERTIME
 CO E130       3       COCARD: Missing Mandatory Keyword.  The Missing Keyword is     POLLUTID
 CO E130       3       COCARD: Missing Mandatory Keyword.  The Missing Keyword is     RUNORNOT
 SO E100       6        SETUP: Invalid Pathway Specified. The Troubled Pathway is           LO
 SO E100       7        SETUP: Invalid Pathway Specified. The Troubled Pathway is           SR
 SO E100       8        SETUP: Invalid Pathway Specified. The Troubled Pathway is           EM
 SO E140       9       SOCARD: Invalid Order of Keyword. The Troubled Keyword is      SRCGROUP
 SO E130       9       SOCARD: Missing Mandatory Keyword.  The Missing Keyword is     LOCATION
 SO E130       9       SOCARD: Missing Mandatory Keyword.  The Missing Keyword is     SRCPARAM
 SO E130       9       SOCARD: Missing Mandatory Keyword.  The Missing Keyword is     SRCGROUP
 SO E185       9       SOCARD: Either No Sources or No Receptors are specified!!!     NUMSRC=0
 RE E100      12        SETUP: Invalid Pathway Specified. The Troubled Pathway is           GR
 RE E185      13       RECARD: Either No Sources or No Receptors are specified!!!     NUMREC=0
 ME E100      16        SETUP: Invalid Pathway Specified. The Troubled Pathway is           SU
 ME E100      17        SETUP: Invalid Pathway Specified. The Troubled Pathway is           PR
 ME E130      18       MECARD: Missing Mandatory Keyword.  The Missing Keyword is     SURFFILE
 ME E130      18       MECARD: Missing Mandatory Keyword.  The Missing Keyword is     PROFFILE
 ME E130      18       MECARD: Missing Mandatory Keyword.  The Missing Keyword is     SURFDATA
 ME E130      18       MECARD: Missing Mandatory Keyword.  The Missing Keyword is     UAIRDATA
 ME E130      18       MECARD: Missing Mandatory Keyword.  The Missing Keyword is     PROFBASE
 RE E105      21        SETUP: Invalid Keyword Specified. The Troubled Keyword is     TABLE AL
 OU E189      22        OUTQA: No Keywords for OU Path and No PERIOD/ANNUAL Aves.             
  
    ********   WARNING MESSAGES   ******** 
               ***  NONE  ***        
  

    ***************************************
    *** AERMOD Finishes UN-successfully ***
    ***************************************

