** AERMAP - VERSION 24142                                              10/29/25
**                                                                     14:30:19

 From DEMCHK:

***********************
 OPENING FILE: 

   DEM File #:         1
   DEM File Name: NEWARK-E.DEM

   Partial analysis of file structure using first    10240 characters.

     Number of bytes read:            8
     File Type:            Delimited File - DOS or UNIX      

                                             Length    File            
 File Name (w/o path up to 40 characters)     Read     Type     Binary?

 NEWARK-E.DEM                                     8  Delimited    NO 


  Attempt to read file using USGS Record Type A format.

    File:        NEWARK-E.DEM
    Map Name:    100 100                                 
    Addtl Data:                                          
    Filler:                                                             
    Process Code: 
    Filler:       
    Sectional Indicator:          
    Mapping Center origin Code:    
  ERROR!
  !!Invalid DEM Level Code in DEM File:            1
  
  ERROR!
  !!Invalid Elevation Pattern Code in DEM File:            1
  
    Planimetric Ref. Sys:   0  :Geographic (lat/lon)
    Coordinate Zone:        0
    Map Projection Params:
            0.0000      0.0000      0.0000      0.0000      0.0000
            0.0000      0.0000      0.0000      0.0000      0.0000
            0.0000      0.0000      0.0000      0.0000      0.0000
    Coordinate Units:    0  :radians    
  ERROR!
  !!Invalid Elevation Units Code in DEM File:            1
  
    Number of map sides: 0
