 BPIP users guide test case #1 - input file with 1 bldg and 4 stacks.          

                              BPIP (Dated: 04112)
 DATE :  5/12/2004
 TIME :  9:37:39
 BPIP users guide test case #1 - input file with 1 bldg and 4 stacks.          

 ============================
 BPIP PROCESSING INFORMATION:
 ============================

   The LT flag has been set for preparing downwash data for an ISCLT run.

   Inputs entered in METERS     will be converted to meters using 
    a conversion factor of    1.0000.  Output will be in meters.

   UTMP is set to UTMN.  The input is assumed to be in a local
    X-Y coordinate system as opposed to a UTM coordinate system.
    True North is in the positive Y direction.

   Plant north is set to 210.00 degrees with respect to True North.  




 BPIP users guide test case #1 - input file with 1 bldg and 4 stacks.          



                PRELIMINARY* GEP STACK HEIGHT RESULTS TABLE
                         (Output Units: meters)

                            Stack-Building            Preliminary*
         Stack    Stack     Base Elevation    GEP**   GEP Stack
         Name     Height    Differences       EQN1    Height Value


        Stk100     25.00        -2.00        67.00        67.00
        Stk101     25.00          N/A         0.00        65.00
        Stk102     25.00         0.00        65.00        65.00
        Stk103     25.00         1.00        64.00        65.00

   * Results are based on Determinants 1 & 2 on pages 1 & 2 of the GEP
     Technical Support Document.  Determinant 3 may be investigated for
     additional stack height credit.  Final values result after
     Determinant 3 has been taken into consideration.
  ** Results were derived from Equation 1 on page 6 of GEP Technical
     Support Document.  Values have been adjusted for any stack-building
     base elevation differences.

     Note:  Criteria for determining stack heights for modeling emission
     limitations for a source can be found in Table 3.1 of the
     GEP Technical Support Document.





                              BPIP (Dated: 04112)
 DATE :  5/12/2004
 TIME :  9:37:39




     SO BUILDHGT Stk100     26.00   26.00   26.00   26.00   26.00   26.00
     SO BUILDHGT Stk100     26.00   26.00   26.00   26.00   26.00   26.00
     SO BUILDHGT Stk100     26.00   26.00   26.00   26.00
     SO BUILDWID Stk100    111.60  105.67  122.47  140.21  136.60  112.20
     SO BUILDWID Stk100    109.53  109.77  111.60  105.67  122.47  140.21
     SO BUILDWID Stk100    136.60  112.20  109.53  109.77


     SO BUILDHGT Stk101      0.00    0.00    0.00    0.00    0.00    0.00
     SO BUILDHGT Stk101      0.00    0.00    0.00    0.00    0.00    0.00
     SO BUILDHGT Stk101      0.00    0.00    0.00    0.00
     SO BUILDWID Stk101      0.00    0.00    0.00    0.00    0.00    0.00
     SO BUILDWID Stk101      0.00    0.00    0.00    0.00    0.00    0.00
     SO BUILDWID Stk101      0.00    0.00    0.00    0.00


     SO BUILDHGT Stk102      0.00    0.00    0.00    0.00    0.00    0.00
     SO BUILDHGT Stk102      0.00    0.00    0.00    0.00   26.00   26.00
     SO BUILDHGT Stk102     26.00   26.00    0.00    0.00
     SO BUILDWID Stk102      0.00    0.00    0.00    0.00    0.00    0.00
     SO BUILDWID Stk102      0.00    0.00    0.00    0.00  122.47  140.21
     SO BUILDWID Stk102    136.60  126.84    0.00    0.00


     SO BUILDHGT Stk103      0.00    0.00   26.00    0.00   26.00   26.00
     SO BUILDHGT Stk103      0.00    0.00    0.00    0.00   26.00   26.00
     SO BUILDHGT Stk103     26.00   26.00    0.00    0.00
     SO BUILDWID Stk103      0.00    0.00  122.47    0.00  126.84  112.20
     SO BUILDWID Stk103      0.00    0.00    0.00    0.00  122.47  140.21
     SO BUILDWID Stk103    136.60  112.20    0.00    0.00
