 BPIP users guide test case #2, 3-3 tiered bldgs w/ 10 stacks.                 

                              BPIP (Dated: 04112)
 DATE :  5/12/2004
 TIME :  9:37:31
 BPIP users guide test case #2, 3-3 tiered bldgs w/ 10 stacks.                 

 ============================
 BPIP PROCESSING INFORMATION:
 ============================

   The LT flag has been set for preparing downwash data for an ISCLT run.

   Inputs entered in METERS     will be converted to meters using 
    a conversion factor of    1.0000.  Output will be in meters.

   UTMP is set to UTMN.  The input is assumed to be in a local
    X-Y coordinate system as opposed to a UTM coordinate system.
    True North is in the positive Y direction.

   Plant north is set to   0.00 degrees with respect to True North.  


 BPIP users guide test case #2, 3-3 tiered bldgs w/ 10 stacks.                 



                PRELIMINARY* GEP STACK HEIGHT RESULTS TABLE
                         (Output Units: meters)

                            Stack-Building            Preliminary*
         Stack    Stack     Base Elevation    GEP**   GEP Stack
         Name     Height    Differences       EQN1    Height Value


        s1H6.08    15.20         0.00        18.75        65.00
        s2H7.08    17.70         0.00        18.75        65.00
        s3H7.32    18.30         0.00        18.88        65.00
        s4H6.08    15.20         0.00        18.94        65.00
        s5H7.08    17.70         0.00        18.94        65.00
        s6H7.32    18.30         0.00        18.94        65.00
        s7H6.08    15.20         0.00        18.75        65.00
        s8H6.08    15.20         0.00        18.75        65.00
        s9H6.08    15.20         0.00        18.84        65.00
        s10H6.08   15.20          N/A         0.00        65.00

   * Results are based on Determinants 1 & 2 on pages 1 & 2 of the GEP
     Technical Support Document.  Determinant 3 may be investigated for
     additional stack height credit.  Final values result after
     Determinant 3 has been taken into consideration.
  ** Results were derived from Equation 1 on page 6 of GEP Technical
     Support Document.  Values have been adjusted for any stack-building
     base elevation differences.

     Note:  Criteria for determining stack heights for modeling emission
     limitations for a source can be found in Table 3.1 of the
     GEP Technical Support Document.





                              BPIP (Dated: 04112)
 DATE :  5/12/2004
 TIME :  9:37:31




     SO BUILDHGT s1H6.08     7.60    6.20    6.20    7.20    7.30    7.50
     SO BUILDHGT s1H6.08     7.30    7.50    7.60    6.20    6.20    7.20
     SO BUILDHGT s1H6.08     7.30    7.50    7.30    7.50
     SO BUILDWID s1H6.08     7.10   11.11   12.02    9.80    7.50    7.55
     SO BUILDWID s1H6.08     7.42    7.50    7.10   11.11   12.02    9.80
     SO BUILDWID s1H6.08     7.50    7.55    7.42    7.50


     SO BUILDHGT s2H7.08     7.60    7.20    7.20    7.50    7.30    7.50
     SO BUILDHGT s2H7.08     7.30    7.50    7.60    7.20    7.20    7.50
     SO BUILDHGT s2H7.08     7.30    7.50    7.30    7.50
     SO BUILDWID s2H7.08     7.10    9.80   10.61    9.15    7.50    7.55
     SO BUILDWID s2H7.08     7.42    7.50    7.10    9.80   10.61    9.15
     SO BUILDWID s2H7.08     7.50    7.55    7.42    7.50


     SO BUILDHGT s3H7.32     7.60    7.60    7.50    7.50    7.30    7.50
     SO BUILDHGT s3H7.32     7.30    7.60    7.60    7.60    7.50    7.50
     SO BUILDHGT s3H7.32     7.30    7.50    7.30    7.60
     SO BUILDWID s3H7.32     7.10    7.52    9.90    9.15    7.50    7.55
     SO BUILDWID s3H7.32     7.42    7.52    7.10    7.52    9.90    9.15
     SO BUILDWID s3H7.32     7.50    7.55    7.42    7.52


     SO BUILDHGT s4H6.08     7.60    6.10    6.10    6.10    7.30    7.50
     SO BUILDHGT s4H6.08     7.30    7.60    7.60    6.10    6.10    6.10
     SO BUILDHGT s4H6.08     7.30    7.50    7.30    7.60
     SO BUILDWID s4H6.08     7.10   11.11   12.02   11.11    7.50    7.55
     SO BUILDWID s4H6.08     7.42    7.55    7.10   11.11   12.02   11.11
     SO BUILDWID s4H6.08     7.50    7.55    7.42    7.55


     SO BUILDHGT s5H7.08     7.60    7.10    7.10    7.10    7.30    7.50
     SO BUILDHGT s5H7.08     7.30    7.60    7.60    7.10    7.10    7.10
     SO BUILDHGT s5H7.08     7.30    7.50    7.30    7.60
     SO BUILDWID s5H7.08     7.10    9.80   10.61    9.80    7.50    7.55
     SO BUILDWID s5H7.08     7.42    7.55    7.10    9.80   10.61    9.80
     SO BUILDWID s5H7.08     7.50    7.55    7.42    7.55


     SO BUILDHGT s6H7.32     7.60    7.50    7.50    7.50    7.30    7.50
     SO BUILDHGT s6H7.32     7.30    7.60    7.60    7.50    7.50    7.50
     SO BUILDHGT s6H7.32     7.30    7.50    7.30    7.60
     SO BUILDWID s6H7.32     7.10    9.15    9.90    9.15    7.50    7.55
     SO BUILDWID s6H7.32     7.42    7.55    7.10    9.15    9.90    9.15
     SO BUILDWID s6H7.32     7.50    7.55    7.42    7.55


     SO BUILDHGT s7H6.08     0.00    7.50    7.50    0.00    0.00    0.00
     SO BUILDHGT s7H6.08     0.00    0.00    0.00    0.00    0.00    0.00
     SO BUILDHGT s7H6.08     0.00    0.00    0.00    0.00
     SO BUILDWID s7H6.08     0.00    9.71    9.90    0.00    0.00    0.00
     SO BUILDWID s7H6.08     0.00    0.00    0.00    0.00    0.00    0.00
     SO BUILDWID s7H6.08     0.00    0.00    0.00    0.00


     SO BUILDHGT s8H6.08     0.00    0.00    7.50    7.50    7.30    7.50
     SO BUILDHGT s8H6.08     0.00    0.00    0.00    0.00    7.50    7.50
     SO BUILDHGT s8H6.08     7.30    7.50    0.00    0.00
     SO BUILDWID s8H6.08     0.00    0.00    9.71    9.15    7.50    7.55
     SO BUILDWID s8H6.08     0.00    0.00    0.00    0.00    9.71    9.15
     SO BUILDWID s8H6.08     7.50    7.55    0.00    0.00


     SO BUILDHGT s9H6.08     7.30    7.60    7.50    0.00    0.00    0.00
     SO BUILDHGT s9H6.08     0.00    7.60    7.60    7.60    7.50    0.00
     SO BUILDHGT s9H6.08     0.00    0.00    0.00    7.60
     SO BUILDWID s9H6.08     7.50    7.49    9.71    0.00    0.00    0.00
     SO BUILDWID s9H6.08     0.00    7.49    7.10    7.49    9.71    0.00
     SO BUILDWID s9H6.08     0.00    0.00    0.00    7.49


     SO BUILDHGT s10H6.08    0.00    0.00    0.00    0.00    0.00    0.00
     SO BUILDHGT s10H6.08    0.00    0.00    0.00    0.00    0.00    0.00
     SO BUILDHGT s10H6.08    0.00    0.00    0.00    0.00
     SO BUILDWID s10H6.08    0.00    0.00    0.00    0.00    0.00    0.00
     SO BUILDWID s10H6.08    0.00    0.00    0.00    0.00    0.00    0.00
     SO BUILDWID s10H6.08    0.00    0.00    0.00    0.00
